<?xml version="1.0" encoding="UTF-8"?>
<!-- Generated by org.testng.reporters.JUnitReportReporter -->
<testsuite skipped="0" hostname="Home" name="com.Marketlancing.qa.testcases.HomePageTest" tests="2" failures="0" timestamp="03 Feb 2019 15:14:34 GMT" time="69.347" errors="0">
  <testcase name="SearchBox" time="36.496" classname="com.Marketlancing.qa.testcases.HomePageTest"/>
  <testcase name="All_Links" time="32.851" classname="com.Marketlancing.qa.testcases.HomePageTest"/>
</testsuite> <!-- com.Marketlancing.qa.testcases.HomePageTest -->
