<?xml version="1.0" encoding="UTF-8"?>
<!-- Generated by org.testng.reporters.JUnitReportReporter -->
<testsuite skipped="0" hostname="Home" name="com.Marketlancing.qa.testcases.LoginPageTest" tests="1" failures="0" timestamp="13 Jan 2019 14:45:14 GMT" time="13.995" errors="0">
  <testcase name="loginTest" time="13.995" classname="com.Marketlancing.qa.testcases.LoginPageTest"/>
</testsuite> <!-- com.Marketlancing.qa.testcases.LoginPageTest -->
