<?xml version="1.0" encoding="UTF-8"?>
<!-- Generated by org.testng.reporters.JUnitReportReporter -->
<testsuite skipped="0" hostname="WBS-DT-0013" name="com.Marketlancing.qa.testcases.LoginPageTest" tests="1" failures="0" timestamp="29 Jan 2019 09:29:13 GMT" time="13.252" errors="0">
  <testcase name="loginTest" time="13.252" classname="com.Marketlancing.qa.testcases.LoginPageTest"/>
</testsuite> <!-- com.Marketlancing.qa.testcases.LoginPageTest -->
