<?xml version="1.0" encoding="UTF-8"?>
<!-- Generated by org.testng.reporters.JUnitReportReporter -->
<testsuite skipped="0" hostname="Home" name="com.Marketlancing.qa.testcases.DashBoardTest" tests="2" failures="0" timestamp="07 Feb 2019 16:26:12 GMT" time="55.773" errors="0">
  <testcase name="GetemailTest" time="25.934" classname="com.Marketlancing.qa.testcases.DashBoardTest"/>
  <testcase name="GetBioTest" time="29.839" classname="com.Marketlancing.qa.testcases.DashBoardTest"/>
</testsuite> <!-- com.Marketlancing.qa.testcases.DashBoardTest -->
