<?xml version="1.0" encoding="UTF-8"?>
<!-- Generated by org.testng.reporters.JUnitReportReporter -->
<testsuite skipped="0" hostname="Home" name="com.Marketlancing.qa.testcases.HomePageTest" tests="2" failures="0" timestamp="10 Feb 2019 06:43:32 GMT" time="54.001" errors="0">
  <testcase name="SearchBoxTest" time="24.093" classname="com.Marketlancing.qa.testcases.HomePageTest"/>
  <testcase name="All_LinksTest" time="29.908" classname="com.Marketlancing.qa.testcases.HomePageTest"/>
</testsuite> <!-- com.Marketlancing.qa.testcases.HomePageTest -->
