<?xml version="1.0" encoding="UTF-8"?>
<!-- Generated by org.testng.reporters.JUnitReportReporter -->
<testsuite skipped="0" hostname="Home" name="com.Marketlancing.qa.testcases.DashBoardTest" tests="2" failures="0" timestamp="10 Feb 2019 06:43:32 GMT" time="44.551" errors="0">
  <testcase name="GetemailTest" time="21.638" classname="com.Marketlancing.qa.testcases.DashBoardTest"/>
  <testcase name="GetBioTest" time="22.913" classname="com.Marketlancing.qa.testcases.DashBoardTest"/>
</testsuite> <!-- com.Marketlancing.qa.testcases.DashBoardTest -->
