<?xml version="1.0" encoding="UTF-8"?>
<!-- Generated by org.testng.reporters.JUnitReportReporter -->
<testsuite skipped="0" hostname="Home" name="com.Marketlancing.qa.testcases.LoginPageTest" tests="1" failures="0" timestamp="03 Feb 2019 14:59:21 GMT" time="24.844" errors="0">
  <testcase name="loginTest" time="24.844" classname="com.Marketlancing.qa.testcases.LoginPageTest"/>
</testsuite> <!-- com.Marketlancing.qa.testcases.LoginPageTest -->
