<?xml version="1.0" encoding="UTF-8"?>
<!-- Generated by org.testng.reporters.JUnitReportReporter -->
<testsuite skipped="0" hostname="WBS-DT-0013" name="com.Marketlancing.qa.testcases.LoginPageTest" tests="1" failures="0" timestamp="30 Jan 2019 10:43:23 GMT" time="11.162" errors="0">
  <testcase name="loginTest" time="11.162" classname="com.Marketlancing.qa.testcases.LoginPageTest"/>
</testsuite> <!-- com.Marketlancing.qa.testcases.LoginPageTest -->
