<?xml version="1.0" encoding="UTF-8"?>
<!-- Generated by org.testng.reporters.JUnitReportReporter -->
<testsuite skipped="0" hostname="WBS-DT-0013" name="com.Marketlancing.qa.testcases.LoginPageTest" tests="1" failures="0" timestamp="17 Jan 2019 06:04:50 GMT" time="15.452" errors="0">
  <testcase name="loginTest" time="15.452" classname="com.Marketlancing.qa.testcases.LoginPageTest"/>
</testsuite> <!-- com.Marketlancing.qa.testcases.LoginPageTest -->
