<?xml version="1.0" encoding="UTF-8"?>
<!-- Generated by org.testng.reporters.JUnitReportReporter -->
<testsuite skipped="0" hostname="Home" name="com.Marketlancing.qa.testcases.DashBoardTest" tests="2" failures="0" timestamp="10 Feb 2019 17:06:09 GMT" time="60.715" errors="0">
  <testcase name="GetBioTest" time="31.872" classname="com.Marketlancing.qa.testcases.DashBoardTest"/>
  <testcase name="GetemailTest" time="28.843" classname="com.Marketlancing.qa.testcases.DashBoardTest"/>
</testsuite> <!-- com.Marketlancing.qa.testcases.DashBoardTest -->
