<?xml version="1.0" encoding="UTF-8"?>
<!-- Generated by org.testng.reporters.JUnitReportReporter -->
<testsuite skipped="0" hostname="Home" name="com.Marketlancing.qa.testcases.HomePageTest" tests="2" failures="0" timestamp="10 Feb 2019 17:06:09 GMT" time="66.819" errors="0">
  <testcase name="SearchBoxTest" time="33.780" classname="com.Marketlancing.qa.testcases.HomePageTest"/>
  <testcase name="All_LinksTest" time="33.039" classname="com.Marketlancing.qa.testcases.HomePageTest"/>
</testsuite> <!-- com.Marketlancing.qa.testcases.HomePageTest -->
